{"D:\\NODEJS\\projects\\backup\\jest\\authentication\\mdl_for_token.js": {"path":"D:\\NODEJS\\projects\\backup\\jest\\authentication\\mdl_for_token.js","statementMap":{"0":{"start":{"line":1,"column":12},"end":{"line":1,"column":35}},"1":{"start":{"line":2,"column":24},"end":{"line":2,"column":53}},"2":{"start":{"line":4,"column":13},"end":{"line":4,"column":39}},"3":{"start":{"line":6,"column":17},"end":{"line":6,"column":39}},"4":{"start":{"line":10,"column":20},"end":{"line":84,"column":1}},"5":{"start":{"line":13,"column":19},"end":{"line":13,"column":54}},"6":{"start":{"line":15,"column":4},"end":{"line":35,"column":7}},"7":{"start":{"line":16,"column":8},"end":{"line":16,"column":25}},"8":{"start":{"line":17,"column":8},"end":{"line":17,"column":36}},"9":{"start":{"line":18,"column":8},"end":{"line":18,"column":14}},"10":{"start":{"line":21,"column":9},"end":{"line":35,"column":7}},"11":{"start":{"line":22,"column":23},"end":{"line":22,"column":40}},"12":{"start":{"line":23,"column":28},"end":{"line":23,"column":37}},"13":{"start":{"line":24,"column":8},"end":{"line":24,"column":32}},"14":{"start":{"line":25,"column":4},"end":{"line":25,"column":28}},"15":{"start":{"line":27,"column":32},"end":{"line":27,"column":66}},"16":{"start":{"line":28,"column":16},"end":{"line":28,"column":36}},"17":{"start":{"line":32,"column":8},"end":{"line":32,"column":23}},"18":{"start":{"line":33,"column":8},"end":{"line":33,"column":29}},"19":{"start":{"line":34,"column":8},"end":{"line":34,"column":14}},"20":{"start":{"line":82,"column":4},"end":{"line":82,"column":18}},"21":{"start":{"line":86,"column":0},"end":{"line":86,"column":28}}},"fnMap":{"0":{"name":"(anonymous_0)","decl":{"start":{"line":10,"column":20},"end":{"line":10,"column":21}},"loc":{"start":{"line":10,"column":35},"end":{"line":84,"column":1}},"line":10}},"branchMap":{"0":{"loc":{"start":{"line":15,"column":4},"end":{"line":35,"column":7}},"type":"if","locations":[{"start":{"line":15,"column":4},"end":{"line":35,"column":7}},{"start":{"line":21,"column":9},"end":{"line":35,"column":7}}],"line":15},"1":{"loc":{"start":{"line":21,"column":9},"end":{"line":35,"column":7}},"type":"if","locations":[{"start":{"line":21,"column":9},"end":{"line":35,"column":7}},{"start":{"line":30,"column":13},"end":{"line":35,"column":7}}],"line":21}},"s":{"0":1,"1":1,"2":1,"3":1,"4":1,"5":0,"6":0,"7":0,"8":0,"9":0,"10":0,"11":0,"12":0,"13":0,"14":0,"15":0,"16":0,"17":0,"18":0,"19":0,"20":0,"21":1},"f":{"0":0},"b":{"0":[0,0],"1":[0,0]},"_coverageSchema":"1a1c01bbd47fc00a2c39e90264f33305004495a9","hash":"00be766c7283852bf65be677dd0651155619d569"}
,"D:\\NODEJS\\projects\\backup\\jest\\authentication\\midddleware_for_like.js": {"path":"D:\\NODEJS\\projects\\backup\\jest\\authentication\\midddleware_for_like.js","statementMap":{"0":{"start":{"line":3,"column":12},"end":{"line":6,"column":1}},"1":{"start":{"line":4,"column":0},"end":{"line":4,"column":15}},"2":{"start":{"line":5,"column":0},"end":{"line":5,"column":15}},"3":{"start":{"line":7,"column":0},"end":{"line":7,"column":22}}},"fnMap":{"0":{"name":"(anonymous_0)","decl":{"start":{"line":3,"column":12},"end":{"line":3,"column":13}},"loc":{"start":{"line":3,"column":19},"end":{"line":6,"column":1}},"line":3}},"branchMap":{},"s":{"0":1,"1":0,"2":0,"3":1},"f":{"0":0},"b":{},"_coverageSchema":"1a1c01bbd47fc00a2c39e90264f33305004495a9","hash":"4a60ab7726cd2e14cc151ba8ef2bb856363f1f44"}
,"D:\\NODEJS\\projects\\backup\\jest\\authentication\\middle_reg_same_all_func_imp_test.js": {"path":"D:\\NODEJS\\projects\\backup\\jest\\authentication\\middle_reg_same_all_func_imp_test.js","statementMap":{"0":{"start":{"line":1,"column":11},"end":{"line":1,"column":63}},"1":{"start":{"line":7,"column":19},"end":{"line":12,"column":1}},"2":{"start":{"line":9,"column":21},"end":{"line":9,"column":43}},"3":{"start":{"line":11,"column":4},"end":{"line":11,"column":30}},"4":{"start":{"line":13,"column":0},"end":{"line":13,"column":27}}},"fnMap":{"0":{"name":"(anonymous_0)","decl":{"start":{"line":7,"column":19},"end":{"line":7,"column":20}},"loc":{"start":{"line":7,"column":36},"end":{"line":12,"column":1}},"line":7}},"branchMap":{},"s":{"0":1,"1":1,"2":0,"3":0,"4":1},"f":{"0":0},"b":{},"_coverageSchema":"1a1c01bbd47fc00a2c39e90264f33305004495a9","hash":"cb8c496aea545ce221ddd584046aa091899b4c85"}
,"D:\\NODEJS\\projects\\backup\\jest\\authentication\\middleware_for_add_member.js": {"path":"D:\\NODEJS\\projects\\backup\\jest\\authentication\\middleware_for_add_member.js","statementMap":{"0":{"start":{"line":3,"column":34},"end":{"line":23,"column":1}},"1":{"start":{"line":5,"column":2},"end":{"line":5,"column":29}},"2":{"start":{"line":8,"column":6},"end":{"line":8,"column":22}},"3":{"start":{"line":9,"column":2},"end":{"line":14,"column":3}},"4":{"start":{"line":10,"column":6},"end":{"line":10,"column":23}},"5":{"start":{"line":11,"column":6},"end":{"line":11,"column":55}},"6":{"start":{"line":12,"column":6},"end":{"line":12,"column":12}},"7":{"start":{"line":15,"column":0},"end":{"line":19,"column":3}},"8":{"start":{"line":16,"column":4},"end":{"line":16,"column":21}},"9":{"start":{"line":17,"column":6},"end":{"line":17,"column":39}},"10":{"start":{"line":18,"column":6},"end":{"line":18,"column":12}},"11":{"start":{"line":21,"column":1},"end":{"line":21,"column":14}},"12":{"start":{"line":25,"column":0},"end":{"line":25,"column":46}}},"fnMap":{"0":{"name":"(anonymous_0)","decl":{"start":{"line":3,"column":34},"end":{"line":3,"column":35}},"loc":{"start":{"line":3,"column":48},"end":{"line":23,"column":1}},"line":3}},"branchMap":{"0":{"loc":{"start":{"line":9,"column":2},"end":{"line":14,"column":3}},"type":"if","locations":[{"start":{"line":9,"column":2},"end":{"line":14,"column":3}},{"start":{},"end":{}}],"line":9},"1":{"loc":{"start":{"line":9,"column":8},"end":{"line":9,"column":47}},"type":"binary-expr","locations":[{"start":{"line":9,"column":8},"end":{"line":9,"column":24}},{"start":{"line":9,"column":29},"end":{"line":9,"column":47}}],"line":9},"2":{"loc":{"start":{"line":15,"column":0},"end":{"line":19,"column":3}},"type":"if","locations":[{"start":{"line":15,"column":0},"end":{"line":19,"column":3}},{"start":{},"end":{}}],"line":15}},"s":{"0":1,"1":0,"2":0,"3":0,"4":0,"5":0,"6":0,"7":0,"8":0,"9":0,"10":0,"11":0,"12":1},"f":{"0":0},"b":{"0":[0,0],"1":[0,0],"2":[0,0]},"_coverageSchema":"1a1c01bbd47fc00a2c39e90264f33305004495a9","hash":"7b84f97b114daeb9574746dc4ba01511575d7cf5"}
,"D:\\NODEJS\\projects\\backup\\jest\\authentication\\middleware_for_page.js": {"path":"D:\\NODEJS\\projects\\backup\\jest\\authentication\\middleware_for_page.js","statementMap":{"0":{"start":{"line":2,"column":33},"end":{"line":29,"column":3}},"1":{"start":{"line":5,"column":59},"end":{"line":5,"column":75}},"2":{"start":{"line":9,"column":4},"end":{"line":24,"column":5}},"3":{"start":{"line":12,"column":6},"end":{"line":23,"column":7}},"4":{"start":{"line":13,"column":24},"end":{"line":13,"column":70}},"5":{"start":{"line":14,"column":26},"end":{"line":14,"column":46}},"6":{"start":{"line":15,"column":18},"end":{"line":15,"column":64}},"7":{"start":{"line":15,"column":39},"end":{"line":15,"column":63}},"8":{"start":{"line":16,"column":8},"end":{"line":16,"column":23}},"9":{"start":{"line":17,"column":8},"end":{"line":21,"column":9}},"10":{"start":{"line":22,"column":6},"end":{"line":22,"column":12}},"11":{"start":{"line":26,"column":4},"end":{"line":26,"column":11}},"12":{"start":{"line":27,"column":4},"end":{"line":27,"column":23}},"13":{"start":{"line":31,"column":2},"end":{"line":31,"column":44}}},"fnMap":{"0":{"name":"(anonymous_0)","decl":{"start":{"line":2,"column":33},"end":{"line":2,"column":34}},"loc":{"start":{"line":2,"column":48},"end":{"line":29,"column":3}},"line":2},"1":{"name":"(anonymous_1)","decl":{"start":{"line":15,"column":32},"end":{"line":15,"column":33}},"loc":{"start":{"line":15,"column":39},"end":{"line":15,"column":63}},"line":15}},"branchMap":{"0":{"loc":{"start":{"line":9,"column":4},"end":{"line":24,"column":5}},"type":"if","locations":[{"start":{"line":9,"column":4},"end":{"line":24,"column":5}},{"start":{},"end":{}}],"line":9},"1":{"loc":{"start":{"line":9,"column":10},"end":{"line":9,"column":55}},"type":"binary-expr","locations":[{"start":{"line":9,"column":10},"end":{"line":9,"column":17}},{"start":{"line":9,"column":20},"end":{"line":9,"column":29}},{"start":{"line":9,"column":31},"end":{"line":9,"column":36}},{"start":{"line":9,"column":39},"end":{"line":9,"column":55}}],"line":9},"2":{"loc":{"start":{"line":12,"column":6},"end":{"line":23,"column":7}},"type":"if","locations":[{"start":{"line":12,"column":6},"end":{"line":23,"column":7}},{"start":{},"end":{}}],"line":12},"3":{"loc":{"start":{"line":12,"column":12},"end":{"line":12,"column":60}},"type":"binary-expr","locations":[{"start":{"line":12,"column":12},"end":{"line":12,"column":19}},{"start":{"line":12,"column":22},"end":{"line":12,"column":31}},{"start":{"line":12,"column":35},"end":{"line":12,"column":40}},{"start":{"line":12,"column":44},"end":{"line":12,"column":60}}],"line":12},"4":{"loc":{"start":{"line":15,"column":39},"end":{"line":15,"column":63}},"type":"cond-expr","locations":[{"start":{"line":15,"column":55},"end":{"line":15,"column":58}},{"start":{"line":15,"column":61},"end":{"line":15,"column":63}}],"line":15}},"s":{"0":1,"1":0,"2":0,"3":0,"4":0,"5":0,"6":0,"7":0,"8":0,"9":0,"10":0,"11":0,"12":0,"13":1},"f":{"0":0,"1":0},"b":{"0":[0,0],"1":[0,0,0,0],"2":[0,0],"3":[0,0,0,0],"4":[0,0]},"_coverageSchema":"1a1c01bbd47fc00a2c39e90264f33305004495a9","hash":"c46d3259f019bd1b1d15a4a0b20ed7dd998633ad"}
,"D:\\NODEJS\\projects\\backup\\jest\\authentication\\middleware_for_post.js": {"path":"D:\\NODEJS\\projects\\backup\\jest\\authentication\\middleware_for_post.js","statementMap":{"0":{"start":{"line":2,"column":32},"end":{"line":31,"column":3}},"1":{"start":{"line":5,"column":46},"end":{"line":5,"column":62}},"2":{"start":{"line":9,"column":4},"end":{"line":26,"column":5}},"3":{"start":{"line":12,"column":6},"end":{"line":25,"column":7}},"4":{"start":{"line":13,"column":24},"end":{"line":13,"column":57}},"5":{"start":{"line":14,"column":26},"end":{"line":14,"column":46}},"6":{"start":{"line":15,"column":18},"end":{"line":15,"column":90}},"7":{"start":{"line":15,"column":39},"end":{"line":15,"column":89}},"8":{"start":{"line":16,"column":8},"end":{"line":16,"column":22}},"9":{"start":{"line":17,"column":8},"end":{"line":17,"column":23}},"10":{"start":{"line":18,"column":8},"end":{"line":22,"column":9}},"11":{"start":{"line":23,"column":8},"end":{"line":23,"column":14}},"12":{"start":{"line":28,"column":4},"end":{"line":28,"column":11}},"13":{"start":{"line":29,"column":4},"end":{"line":29,"column":23}},"14":{"start":{"line":30,"column":2},"end":{"line":30,"column":8}},"15":{"start":{"line":34,"column":2},"end":{"line":34,"column":43}}},"fnMap":{"0":{"name":"(anonymous_0)","decl":{"start":{"line":2,"column":32},"end":{"line":2,"column":33}},"loc":{"start":{"line":2,"column":47},"end":{"line":31,"column":3}},"line":2},"1":{"name":"(anonymous_1)","decl":{"start":{"line":15,"column":32},"end":{"line":15,"column":33}},"loc":{"start":{"line":15,"column":39},"end":{"line":15,"column":89}},"line":15}},"branchMap":{"0":{"loc":{"start":{"line":9,"column":4},"end":{"line":26,"column":5}},"type":"if","locations":[{"start":{"line":9,"column":4},"end":{"line":26,"column":5}},{"start":{},"end":{}}],"line":9},"1":{"loc":{"start":{"line":9,"column":10},"end":{"line":9,"column":41}},"type":"binary-expr","locations":[{"start":{"line":9,"column":10},"end":{"line":9,"column":17}},{"start":{"line":9,"column":20},"end":{"line":9,"column":29}},{"start":{"line":9,"column":32},"end":{"line":9,"column":41}}],"line":9},"2":{"loc":{"start":{"line":12,"column":6},"end":{"line":25,"column":7}},"type":"if","locations":[{"start":{"line":12,"column":6},"end":{"line":25,"column":7}},{"start":{},"end":{}}],"line":12},"3":{"loc":{"start":{"line":12,"column":12},"end":{"line":12,"column":43}},"type":"binary-expr","locations":[{"start":{"line":12,"column":12},"end":{"line":12,"column":19}},{"start":{"line":12,"column":22},"end":{"line":12,"column":31}},{"start":{"line":12,"column":34},"end":{"line":12,"column":43}}],"line":12},"4":{"loc":{"start":{"line":15,"column":39},"end":{"line":15,"column":89}},"type":"cond-expr","locations":[{"start":{"line":15,"column":55},"end":{"line":15,"column":58}},{"start":{"line":15,"column":61},"end":{"line":15,"column":89}}],"line":15}},"s":{"0":1,"1":0,"2":0,"3":0,"4":0,"5":0,"6":0,"7":0,"8":0,"9":0,"10":0,"11":0,"12":0,"13":0,"14":0,"15":1},"f":{"0":0,"1":0},"b":{"0":[0,0],"1":[0,0,0],"2":[0,0],"3":[0,0,0],"4":[0,0]},"_coverageSchema":"1a1c01bbd47fc00a2c39e90264f33305004495a9","hash":"12bc5d59f020a40daeaed154a79cee9a142d94d2"}
,"D:\\NODEJS\\projects\\backup\\jest\\authentication\\middleware_for_profile.js": {"path":"D:\\NODEJS\\projects\\backup\\jest\\authentication\\middleware_for_profile.js","statementMap":{"0":{"start":{"line":2,"column":36},"end":{"line":29,"column":3}},"1":{"start":{"line":5,"column":46},"end":{"line":5,"column":62}},"2":{"start":{"line":9,"column":4},"end":{"line":24,"column":5}},"3":{"start":{"line":12,"column":6},"end":{"line":23,"column":7}},"4":{"start":{"line":13,"column":24},"end":{"line":13,"column":57}},"5":{"start":{"line":14,"column":26},"end":{"line":14,"column":46}},"6":{"start":{"line":15,"column":18},"end":{"line":15,"column":64}},"7":{"start":{"line":15,"column":39},"end":{"line":15,"column":63}},"8":{"start":{"line":16,"column":8},"end":{"line":16,"column":23}},"9":{"start":{"line":17,"column":8},"end":{"line":21,"column":9}},"10":{"start":{"line":22,"column":6},"end":{"line":22,"column":12}},"11":{"start":{"line":26,"column":4},"end":{"line":26,"column":11}},"12":{"start":{"line":27,"column":4},"end":{"line":27,"column":23}},"13":{"start":{"line":31,"column":2},"end":{"line":31,"column":47}}},"fnMap":{"0":{"name":"(anonymous_0)","decl":{"start":{"line":2,"column":36},"end":{"line":2,"column":37}},"loc":{"start":{"line":2,"column":51},"end":{"line":29,"column":3}},"line":2},"1":{"name":"(anonymous_1)","decl":{"start":{"line":15,"column":32},"end":{"line":15,"column":33}},"loc":{"start":{"line":15,"column":39},"end":{"line":15,"column":63}},"line":15}},"branchMap":{"0":{"loc":{"start":{"line":9,"column":4},"end":{"line":24,"column":5}},"type":"if","locations":[{"start":{"line":9,"column":4},"end":{"line":24,"column":5}},{"start":{},"end":{}}],"line":9},"1":{"loc":{"start":{"line":9,"column":11},"end":{"line":9,"column":42}},"type":"binary-expr","locations":[{"start":{"line":9,"column":11},"end":{"line":9,"column":21}},{"start":{"line":9,"column":23},"end":{"line":9,"column":28}},{"start":{"line":9,"column":30},"end":{"line":9,"column":33}},{"start":{"line":9,"column":35},"end":{"line":9,"column":42}}],"line":9},"2":{"loc":{"start":{"line":12,"column":6},"end":{"line":23,"column":7}},"type":"if","locations":[{"start":{"line":12,"column":6},"end":{"line":23,"column":7}},{"start":{},"end":{}}],"line":12},"3":{"loc":{"start":{"line":12,"column":13},"end":{"line":12,"column":44}},"type":"binary-expr","locations":[{"start":{"line":12,"column":13},"end":{"line":12,"column":23}},{"start":{"line":12,"column":25},"end":{"line":12,"column":30}},{"start":{"line":12,"column":32},"end":{"line":12,"column":35}},{"start":{"line":12,"column":37},"end":{"line":12,"column":44}}],"line":12},"4":{"loc":{"start":{"line":15,"column":39},"end":{"line":15,"column":63}},"type":"cond-expr","locations":[{"start":{"line":15,"column":55},"end":{"line":15,"column":58}},{"start":{"line":15,"column":61},"end":{"line":15,"column":63}}],"line":15}},"s":{"0":1,"1":0,"2":0,"3":0,"4":0,"5":0,"6":0,"7":0,"8":0,"9":0,"10":0,"11":0,"12":0,"13":1},"f":{"0":0,"1":0},"b":{"0":[0,0],"1":[0,0,0,0],"2":[0,0],"3":[0,0,0,0],"4":[0,0]},"_coverageSchema":"1a1c01bbd47fc00a2c39e90264f33305004495a9","hash":"2d88ace70560020a1f56a1bb19f2b034e26bc00c"}
,"D:\\NODEJS\\projects\\backup\\jest\\authentication\\middleware_for_reg_same.js": {"path":"D:\\NODEJS\\projects\\backup\\jest\\authentication\\middleware_for_reg_same.js","statementMap":{"0":{"start":{"line":1,"column":16},"end":{"line":1,"column":38}},"1":{"start":{"line":2,"column":16},"end":{"line":2,"column":42}},"2":{"start":{"line":3,"column":16},"end":{"line":3,"column":40}},"3":{"start":{"line":4,"column":19},"end":{"line":4,"column":65}},"4":{"start":{"line":11,"column":20},"end":{"line":35,"column":1}},"5":{"start":{"line":15,"column":8},"end":{"line":15,"column":24}},"6":{"start":{"line":16,"column":23},"end":{"line":18,"column":5}},"7":{"start":{"line":20,"column":4},"end":{"line":22,"column":5}},"8":{"start":{"line":24,"column":27},"end":{"line":24,"column":52}},"9":{"start":{"line":28,"column":4},"end":{"line":31,"column":5}},"10":{"start":{"line":29,"column":8},"end":{"line":29,"column":46}},"11":{"start":{"line":30,"column":8},"end":{"line":30,"column":21}},"12":{"start":{"line":32,"column":3},"end":{"line":32,"column":18}},"13":{"start":{"line":33,"column":3},"end":{"line":33,"column":29}},"14":{"start":{"line":34,"column":4},"end":{"line":34,"column":10}},"15":{"start":{"line":38,"column":0},"end":{"line":40,"column":1}}},"fnMap":{"0":{"name":"(anonymous_0)","decl":{"start":{"line":11,"column":20},"end":{"line":11,"column":21}},"loc":{"start":{"line":11,"column":35},"end":{"line":35,"column":1}},"line":11}},"branchMap":{"0":{"loc":{"start":{"line":28,"column":4},"end":{"line":31,"column":5}},"type":"if","locations":[{"start":{"line":28,"column":4},"end":{"line":31,"column":5}},{"start":{},"end":{}}],"line":28}},"s":{"0":1,"1":1,"2":1,"3":1,"4":1,"5":1,"6":1,"7":1,"8":1,"9":1,"10":0,"11":0,"12":1,"13":1,"14":1,"15":1},"f":{"0":1},"b":{"0":[0,1]},"_coverageSchema":"1a1c01bbd47fc00a2c39e90264f33305004495a9","hash":"5b4a6c31217bf7020d6c5c61def9d5fc68a48f59"}
,"D:\\NODEJS\\projects\\backup\\jest\\authentication\\middleware_for_register.js": {"path":"D:\\NODEJS\\projects\\backup\\jest\\authentication\\middleware_for_register.js","statementMap":{"0":{"start":{"line":2,"column":19},"end":{"line":33,"column":3}},"1":{"start":{"line":5,"column":62},"end":{"line":5,"column":78}},"2":{"start":{"line":9,"column":4},"end":{"line":29,"column":5}},"3":{"start":{"line":12,"column":6},"end":{"line":23,"column":7}},"4":{"start":{"line":13,"column":37},"end":{"line":13,"column":86}},"5":{"start":{"line":14,"column":26},"end":{"line":14,"column":59}},"6":{"start":{"line":15,"column":18},"end":{"line":15,"column":77}},"7":{"start":{"line":15,"column":39},"end":{"line":15,"column":75}},"8":{"start":{"line":16,"column":8},"end":{"line":16,"column":23}},"9":{"start":{"line":17,"column":8},"end":{"line":21,"column":9}},"10":{"start":{"line":22,"column":6},"end":{"line":22,"column":12}},"11":{"start":{"line":25,"column":9},"end":{"line":29,"column":5}},"12":{"start":{"line":26,"column":6},"end":{"line":26,"column":21}},"13":{"start":{"line":27,"column":6},"end":{"line":27,"column":54}},"14":{"start":{"line":28,"column":6},"end":{"line":28,"column":12}},"15":{"start":{"line":31,"column":4},"end":{"line":31,"column":23}},"16":{"start":{"line":32,"column":4},"end":{"line":32,"column":18}},"17":{"start":{"line":36,"column":2},"end":{"line":36,"column":29}}},"fnMap":{"0":{"name":"(anonymous_0)","decl":{"start":{"line":2,"column":19},"end":{"line":2,"column":20}},"loc":{"start":{"line":2,"column":34},"end":{"line":33,"column":3}},"line":2},"1":{"name":"(anonymous_1)","decl":{"start":{"line":15,"column":32},"end":{"line":15,"column":33}},"loc":{"start":{"line":15,"column":39},"end":{"line":15,"column":75}},"line":15}},"branchMap":{"0":{"loc":{"start":{"line":9,"column":4},"end":{"line":29,"column":5}},"type":"if","locations":[{"start":{"line":9,"column":4},"end":{"line":29,"column":5}},{"start":{"line":25,"column":9},"end":{"line":29,"column":5}}],"line":9},"1":{"loc":{"start":{"line":9,"column":10},"end":{"line":9,"column":63}},"type":"binary-expr","locations":[{"start":{"line":9,"column":10},"end":{"line":9,"column":15}},{"start":{"line":9,"column":19},"end":{"line":9,"column":23}},{"start":{"line":9,"column":27},"end":{"line":9,"column":32}},{"start":{"line":9,"column":36},"end":{"line":9,"column":44}},{"start":{"line":9,"column":48},"end":{"line":9,"column":63}}],"line":9},"2":{"loc":{"start":{"line":12,"column":6},"end":{"line":23,"column":7}},"type":"if","locations":[{"start":{"line":12,"column":6},"end":{"line":23,"column":7}},{"start":{},"end":{}}],"line":12},"3":{"loc":{"start":{"line":12,"column":12},"end":{"line":12,"column":65}},"type":"binary-expr","locations":[{"start":{"line":12,"column":12},"end":{"line":12,"column":17}},{"start":{"line":12,"column":21},"end":{"line":12,"column":25}},{"start":{"line":12,"column":29},"end":{"line":12,"column":34}},{"start":{"line":12,"column":38},"end":{"line":12,"column":46}},{"start":{"line":12,"column":50},"end":{"line":12,"column":65}}],"line":12},"4":{"loc":{"start":{"line":15,"column":39},"end":{"line":15,"column":75}},"type":"cond-expr","locations":[{"start":{"line":15,"column":68},"end":{"line":15,"column":71}},{"start":{"line":15,"column":73},"end":{"line":15,"column":75}}],"line":15},"5":{"loc":{"start":{"line":25,"column":9},"end":{"line":29,"column":5}},"type":"if","locations":[{"start":{"line":25,"column":9},"end":{"line":29,"column":5}},{"start":{},"end":{}}],"line":25}},"s":{"0":1,"1":3,"2":3,"3":1,"4":1,"5":1,"6":1,"7":5,"8":1,"9":1,"10":1,"11":2,"12":1,"13":1,"14":1,"15":1,"16":1,"17":1},"f":{"0":3,"1":5},"b":{"0":[1,2],"1":[3,3,2,2,2],"2":[1,0],"3":[1,1,0,0,0],"4":[1,4],"5":[1,1]},"_coverageSchema":"1a1c01bbd47fc00a2c39e90264f33305004495a9","hash":"910a10bc86b4a80cbecee71958b8de705e452657"}
,"D:\\NODEJS\\projects\\backup\\jest\\authentication\\middleware_for_reset_pwd.js": {"path":"D:\\NODEJS\\projects\\backup\\jest\\authentication\\middleware_for_reset_pwd.js","statementMap":{"0":{"start":{"line":1,"column":31},"end":{"line":19,"column":1}},"1":{"start":{"line":7,"column":8},"end":{"line":7,"column":24}},"2":{"start":{"line":9,"column":4},"end":{"line":15,"column":5}},"3":{"start":{"line":10,"column":8},"end":{"line":10,"column":25}},"4":{"start":{"line":11,"column":8},"end":{"line":13,"column":9}},"5":{"start":{"line":14,"column":8},"end":{"line":14,"column":14}},"6":{"start":{"line":17,"column":4},"end":{"line":17,"column":23}},"7":{"start":{"line":18,"column":4},"end":{"line":18,"column":18}},"8":{"start":{"line":22,"column":0},"end":{"line":24,"column":1}}},"fnMap":{"0":{"name":"(anonymous_0)","decl":{"start":{"line":1,"column":31},"end":{"line":1,"column":32}},"loc":{"start":{"line":1,"column":46},"end":{"line":19,"column":1}},"line":1}},"branchMap":{"0":{"loc":{"start":{"line":9,"column":4},"end":{"line":15,"column":5}},"type":"if","locations":[{"start":{"line":9,"column":4},"end":{"line":15,"column":5}},{"start":{},"end":{}}],"line":9}},"s":{"0":1,"1":0,"2":0,"3":0,"4":0,"5":0,"6":0,"7":0,"8":1},"f":{"0":0},"b":{"0":[0,0]},"_coverageSchema":"1a1c01bbd47fc00a2c39e90264f33305004495a9","hash":"05d3012ed2ed5604fbf8080fc91158cd8bccd411"}
,"D:\\NODEJS\\projects\\backup\\jest\\authentication\\middleware_for_team_api.js": {"path":"D:\\NODEJS\\projects\\backup\\jest\\authentication\\middleware_for_team_api.js","statementMap":{"0":{"start":{"line":1,"column":33},"end":{"line":44,"column":1}},"1":{"start":{"line":2,"column":0},"end":{"line":2,"column":22}},"2":{"start":{"line":9,"column":8},"end":{"line":9,"column":24}},"3":{"start":{"line":15,"column":4},"end":{"line":33,"column":5}},"4":{"start":{"line":16,"column":24},"end":{"line":21,"column":9}},"5":{"start":{"line":22,"column":26},"end":{"line":22,"column":46}},"6":{"start":{"line":23,"column":18},"end":{"line":23,"column":90}},"7":{"start":{"line":23,"column":39},"end":{"line":23,"column":89}},"8":{"start":{"line":24,"column":8},"end":{"line":24,"column":25}},"9":{"start":{"line":25,"column":8},"end":{"line":29,"column":9}},"10":{"start":{"line":30,"column":8},"end":{"line":30,"column":14}},"11":{"start":{"line":31,"column":11},"end":{"line":33,"column":5}},"12":{"start":{"line":32,"column":8},"end":{"line":32,"column":74}},"13":{"start":{"line":34,"column":15},"end":{"line":37,"column":41}},"14":{"start":{"line":39,"column":4},"end":{"line":39,"column":19}},"15":{"start":{"line":40,"column":4},"end":{"line":40,"column":17}},"16":{"start":{"line":46,"column":0},"end":{"line":48,"column":1}}},"fnMap":{"0":{"name":"(anonymous_0)","decl":{"start":{"line":1,"column":33},"end":{"line":1,"column":34}},"loc":{"start":{"line":1,"column":48},"end":{"line":44,"column":1}},"line":1},"1":{"name":"(anonymous_1)","decl":{"start":{"line":23,"column":32},"end":{"line":23,"column":33}},"loc":{"start":{"line":23,"column":39},"end":{"line":23,"column":89}},"line":23}},"branchMap":{"0":{"loc":{"start":{"line":15,"column":4},"end":{"line":33,"column":5}},"type":"if","locations":[{"start":{"line":15,"column":4},"end":{"line":33,"column":5}},{"start":{"line":31,"column":11},"end":{"line":33,"column":5}}],"line":15},"1":{"loc":{"start":{"line":15,"column":10},"end":{"line":15,"column":85}},"type":"binary-expr","locations":[{"start":{"line":15,"column":10},"end":{"line":15,"column":18}},{"start":{"line":15,"column":22},"end":{"line":15,"column":30}},{"start":{"line":15,"column":34},"end":{"line":15,"column":49}},{"start":{"line":15,"column":53},"end":{"line":15,"column":85}}],"line":15},"2":{"loc":{"start":{"line":23,"column":39},"end":{"line":23,"column":89}},"type":"cond-expr","locations":[{"start":{"line":23,"column":55},"end":{"line":23,"column":58}},{"start":{"line":23,"column":61},"end":{"line":23,"column":89}}],"line":23},"3":{"loc":{"start":{"line":31,"column":11},"end":{"line":33,"column":5}},"type":"if","locations":[{"start":{"line":31,"column":11},"end":{"line":33,"column":5}},{"start":{},"end":{}}],"line":31}},"s":{"0":1,"1":0,"2":0,"3":0,"4":0,"5":0,"6":0,"7":0,"8":0,"9":0,"10":0,"11":0,"12":0,"13":0,"14":0,"15":0,"16":1},"f":{"0":0,"1":0},"b":{"0":[0,0],"1":[0,0,0,0],"2":[0,0],"3":[0,0]},"_coverageSchema":"1a1c01bbd47fc00a2c39e90264f33305004495a9","hash":"ea8f32328da7fadf95d67b02b0d32b8f5c67fe9a"}
,"D:\\NODEJS\\projects\\backup\\jest\\authentication\\server.js": {"path":"D:\\NODEJS\\projects\\backup\\jest\\authentication\\server.js","statementMap":{"0":{"start":{"line":1,"column":12},"end":{"line":1,"column":26}},"1":{"start":{"line":2,"column":12},"end":{"line":2,"column":21}},"2":{"start":{"line":3,"column":20},"end":{"line":3,"column":50}},"3":{"start":{"line":4,"column":12},"end":{"line":4,"column":231}},"4":{"start":{"line":6,"column":12},"end":{"line":6,"column":35}},"5":{"start":{"line":7,"column":13},"end":{"line":7,"column":32}},"6":{"start":{"line":8,"column":0},"end":{"line":8,"column":16}},"7":{"start":{"line":9,"column":18},"end":{"line":9,"column":44}},"8":{"start":{"line":13,"column":0},"end":{"line":20,"column":5}},"9":{"start":{"line":18,"column":6},"end":{"line":18,"column":41}},"10":{"start":{"line":22,"column":16},"end":{"line":22,"column":41}},"11":{"start":{"line":23,"column":13},"end":{"line":23,"column":17}},"12":{"start":{"line":24,"column":15},"end":{"line":24,"column":36}},"13":{"start":{"line":25,"column":15},"end":{"line":25,"column":27}},"14":{"start":{"line":31,"column":0},"end":{"line":31,"column":54}},"15":{"start":{"line":37,"column":0},"end":{"line":39,"column":4}},"16":{"start":{"line":38,"column":4},"end":{"line":38,"column":49}},"17":{"start":{"line":44,"column":2},"end":{"line":44,"column":20}}},"fnMap":{"0":{"name":"(anonymous_0)","decl":{"start":{"line":17,"column":13},"end":{"line":17,"column":14}},"loc":{"start":{"line":17,"column":33},"end":{"line":19,"column":5}},"line":17},"1":{"name":"(anonymous_1)","decl":{"start":{"line":37,"column":17},"end":{"line":37,"column":18}},"loc":{"start":{"line":37,"column":23},"end":{"line":39,"column":3}},"line":37}},"branchMap":{},"s":{"0":1,"1":1,"2":1,"3":1,"4":1,"5":1,"6":1,"7":1,"8":1,"9":0,"10":1,"11":1,"12":1,"13":1,"14":1,"15":1,"16":0,"17":1},"f":{"0":0,"1":0},"b":{},"_coverageSchema":"1a1c01bbd47fc00a2c39e90264f33305004495a9","hash":"7f919f4677df62571e42ba76327a5ee390eba208"}
,"D:\\NODEJS\\projects\\backup\\jest\\authentication\\api\\like_api.js": {"path":"D:\\NODEJS\\projects\\backup\\jest\\authentication\\api\\like_api.js","statementMap":{"0":{"start":{"line":1,"column":17},"end":{"line":12,"column":3}},"1":{"start":{"line":2,"column":30},"end":{"line":2,"column":46}},"2":{"start":{"line":3,"column":22},"end":{"line":3,"column":68}},"3":{"start":{"line":3,"column":48},"end":{"line":3,"column":67}},"4":{"start":{"line":4,"column":4},"end":{"line":10,"column":5}},"5":{"start":{"line":5,"column":6},"end":{"line":5,"column":64}},"6":{"start":{"line":8,"column":6},"end":{"line":8,"column":32}},"7":{"start":{"line":9,"column":6},"end":{"line":9,"column":43}},"8":{"start":{"line":14,"column":0},"end":{"line":14,"column":25}}},"fnMap":{"0":{"name":"(anonymous_0)","decl":{"start":{"line":1,"column":17},"end":{"line":1,"column":18}},"loc":{"start":{"line":1,"column":26},"end":{"line":12,"column":3}},"line":1},"1":{"name":"(anonymous_1)","decl":{"start":{"line":3,"column":41},"end":{"line":3,"column":42}},"loc":{"start":{"line":3,"column":48},"end":{"line":3,"column":67}},"line":3}},"branchMap":{"0":{"loc":{"start":{"line":4,"column":4},"end":{"line":10,"column":5}},"type":"if","locations":[{"start":{"line":4,"column":4},"end":{"line":10,"column":5}},{"start":{"line":7,"column":9},"end":{"line":10,"column":5}}],"line":4}},"s":{"0":1,"1":0,"2":0,"3":0,"4":0,"5":0,"6":0,"7":0,"8":1},"f":{"0":0,"1":0},"b":{"0":[0,0]},"_coverageSchema":"1a1c01bbd47fc00a2c39e90264f33305004495a9","hash":"4446ede5cc58c476470bc3e523beaabdfe40a1ae"}
,"D:\\NODEJS\\projects\\backup\\jest\\authentication\\api\\login_api.js": {"path":"D:\\NODEJS\\projects\\backup\\jest\\authentication\\api\\login_api.js","statementMap":{"0":{"start":{"line":2,"column":12},"end":{"line":2,"column":35}},"1":{"start":{"line":3,"column":15},"end":{"line":3,"column":32}},"2":{"start":{"line":4,"column":17},"end":{"line":4,"column":44}},"3":{"start":{"line":5,"column":18},"end":{"line":5,"column":39}},"4":{"start":{"line":6,"column":15},"end":{"line":6,"column":30}},"5":{"start":{"line":7,"column":13},"end":{"line":7,"column":39}},"6":{"start":{"line":9,"column":14},"end":{"line":9,"column":51}},"7":{"start":{"line":10,"column":14},"end":{"line":10,"column":40}},"8":{"start":{"line":60,"column":16},"end":{"line":95,"column":3}},"9":{"start":{"line":64,"column":29},"end":{"line":64,"column":45}},"10":{"start":{"line":66,"column":26},"end":{"line":69,"column":8}},"11":{"start":{"line":71,"column":2},"end":{"line":92,"column":7}},"12":{"start":{"line":74,"column":18},"end":{"line":81,"column":5}},"13":{"start":{"line":82,"column":4},"end":{"line":82,"column":30}},"14":{"start":{"line":85,"column":6},"end":{"line":87,"column":32}},"15":{"start":{"line":90,"column":8},"end":{"line":90,"column":23}},"16":{"start":{"line":91,"column":8},"end":{"line":91,"column":59}},"17":{"start":{"line":96,"column":4},"end":{"line":96,"column":26}}},"fnMap":{"0":{"name":"(anonymous_0)","decl":{"start":{"line":60,"column":16},"end":{"line":60,"column":17}},"loc":{"start":{"line":60,"column":29},"end":{"line":95,"column":3}},"line":60}},"branchMap":{"0":{"loc":{"start":{"line":71,"column":2},"end":{"line":92,"column":7}},"type":"if","locations":[{"start":{"line":71,"column":2},"end":{"line":92,"column":7}},{"start":{"line":89,"column":11},"end":{"line":92,"column":7}}],"line":71},"1":{"loc":{"start":{"line":71,"column":6},"end":{"line":71,"column":54}},"type":"binary-expr","locations":[{"start":{"line":71,"column":6},"end":{"line":71,"column":17}},{"start":{"line":71,"column":23},"end":{"line":71,"column":53}}],"line":71}},"s":{"0":1,"1":1,"2":1,"3":1,"4":1,"5":1,"6":1,"7":1,"8":1,"9":0,"10":0,"11":0,"12":0,"13":0,"14":0,"15":0,"16":0,"17":1},"f":{"0":0},"b":{"0":[0,0],"1":[0,0]},"_coverageSchema":"1a1c01bbd47fc00a2c39e90264f33305004495a9","hash":"b1a110095a046969958a57c2ff875bc3e1d78ae0"}
,"D:\\NODEJS\\projects\\backup\\jest\\authentication\\api\\page_api.js": {"path":"D:\\NODEJS\\projects\\backup\\jest\\authentication\\api\\page_api.js","statementMap":{"0":{"start":{"line":1,"column":14},"end":{"line":1,"column":51}},"1":{"start":{"line":2,"column":17},"end":{"line":2,"column":44}},"2":{"start":{"line":3,"column":14},"end":{"line":3,"column":37}},"3":{"start":{"line":4,"column":16},"end":{"line":4,"column":41}},"4":{"start":{"line":8,"column":19},"end":{"line":24,"column":1}},"5":{"start":{"line":11,"column":59},"end":{"line":11,"column":75}},"6":{"start":{"line":14,"column":21},"end":{"line":14,"column":67}},"7":{"start":{"line":16,"column":4},"end":{"line":19,"column":5}},"8":{"start":{"line":20,"column":4},"end":{"line":20,"column":40}},"9":{"start":{"line":26,"column":17},"end":{"line":30,"column":1}},"10":{"start":{"line":27,"column":14},"end":{"line":27,"column":40}},"11":{"start":{"line":28,"column":4},"end":{"line":28,"column":16}},"12":{"start":{"line":29,"column":4},"end":{"line":29,"column":10}},"13":{"start":{"line":32,"column":16},"end":{"line":38,"column":1}},"14":{"start":{"line":34,"column":16},"end":{"line":34,"column":56}},"15":{"start":{"line":35,"column":4},"end":{"line":35,"column":18}},"16":{"start":{"line":36,"column":4},"end":{"line":36,"column":10}},"17":{"start":{"line":40,"column":19},"end":{"line":48,"column":1}},"18":{"start":{"line":42,"column":16},"end":{"line":42,"column":59}},"19":{"start":{"line":43,"column":4},"end":{"line":43,"column":18}},"20":{"start":{"line":44,"column":4},"end":{"line":44,"column":21}},"21":{"start":{"line":45,"column":4},"end":{"line":45,"column":37}},"22":{"start":{"line":47,"column":4},"end":{"line":47,"column":10}},"23":{"start":{"line":49,"column":20},"end":{"line":57,"column":1}},"24":{"start":{"line":50,"column":59},"end":{"line":50,"column":75}},"25":{"start":{"line":51,"column":27},"end":{"line":51,"column":73}},"26":{"start":{"line":52,"column":17},"end":{"line":52,"column":68}},"27":{"start":{"line":53,"column":4},"end":{"line":53,"column":21}},"28":{"start":{"line":54,"column":4},"end":{"line":54,"column":43}},"29":{"start":{"line":55,"column":4},"end":{"line":55,"column":10}},"30":{"start":{"line":59,"column":0},"end":{"line":65,"column":1}}},"fnMap":{"0":{"name":"(anonymous_0)","decl":{"start":{"line":8,"column":19},"end":{"line":8,"column":20}},"loc":{"start":{"line":8,"column":34},"end":{"line":24,"column":1}},"line":8},"1":{"name":"(anonymous_1)","decl":{"start":{"line":26,"column":17},"end":{"line":26,"column":18}},"loc":{"start":{"line":26,"column":32},"end":{"line":30,"column":1}},"line":26},"2":{"name":"(anonymous_2)","decl":{"start":{"line":32,"column":16},"end":{"line":32,"column":17}},"loc":{"start":{"line":32,"column":31},"end":{"line":38,"column":1}},"line":32},"3":{"name":"(anonymous_3)","decl":{"start":{"line":40,"column":19},"end":{"line":40,"column":20}},"loc":{"start":{"line":40,"column":34},"end":{"line":48,"column":1}},"line":40},"4":{"name":"(anonymous_4)","decl":{"start":{"line":49,"column":20},"end":{"line":49,"column":21}},"loc":{"start":{"line":49,"column":29},"end":{"line":57,"column":1}},"line":49}},"branchMap":{},"s":{"0":1,"1":1,"2":1,"3":1,"4":1,"5":0,"6":0,"7":0,"8":0,"9":1,"10":0,"11":0,"12":0,"13":1,"14":0,"15":0,"16":0,"17":1,"18":0,"19":0,"20":0,"21":0,"22":0,"23":1,"24":0,"25":0,"26":0,"27":0,"28":0,"29":0,"30":1},"f":{"0":0,"1":0,"2":0,"3":0,"4":0},"b":{},"_coverageSchema":"1a1c01bbd47fc00a2c39e90264f33305004495a9","hash":"e8e40560f9f3056a3692c8d16948bd8bc8145edc"}
,"D:\\NODEJS\\projects\\backup\\jest\\authentication\\api\\post_api.js": {"path":"D:\\NODEJS\\projects\\backup\\jest\\authentication\\api\\post_api.js","statementMap":{"0":{"start":{"line":1,"column":21},"end":{"line":1,"column":39}},"1":{"start":{"line":2,"column":14},"end":{"line":2,"column":37}},"2":{"start":{"line":4,"column":14},"end":{"line":4,"column":39}},"3":{"start":{"line":5,"column":19},"end":{"line":17,"column":1}},"4":{"start":{"line":8,"column":46},"end":{"line":8,"column":62}},"5":{"start":{"line":11,"column":21},"end":{"line":11,"column":54}},"6":{"start":{"line":13,"column":4},"end":{"line":13,"column":44}},"7":{"start":{"line":14,"column":4},"end":{"line":14,"column":40}},"8":{"start":{"line":20,"column":17},"end":{"line":24,"column":1}},"9":{"start":{"line":21,"column":14},"end":{"line":21,"column":36}},"10":{"start":{"line":22,"column":4},"end":{"line":22,"column":16}},"11":{"start":{"line":23,"column":4},"end":{"line":23,"column":10}},"12":{"start":{"line":26,"column":16},"end":{"line":32,"column":1}},"13":{"start":{"line":28,"column":16},"end":{"line":28,"column":52}},"14":{"start":{"line":29,"column":4},"end":{"line":29,"column":18}},"15":{"start":{"line":30,"column":4},"end":{"line":30,"column":10}},"16":{"start":{"line":34,"column":16},"end":{"line":42,"column":1}},"17":{"start":{"line":36,"column":16},"end":{"line":36,"column":55}},"18":{"start":{"line":37,"column":4},"end":{"line":37,"column":18}},"19":{"start":{"line":38,"column":4},"end":{"line":38,"column":19}},"20":{"start":{"line":39,"column":4},"end":{"line":39,"column":35}},"21":{"start":{"line":41,"column":4},"end":{"line":41,"column":10}},"22":{"start":{"line":44,"column":20},"end":{"line":57,"column":1}},"23":{"start":{"line":49,"column":43},"end":{"line":49,"column":59}},"24":{"start":{"line":51,"column":18},"end":{"line":51,"column":50}},"25":{"start":{"line":53,"column":17},"end":{"line":53,"column":55}},"26":{"start":{"line":54,"column":4},"end":{"line":54,"column":19}},"27":{"start":{"line":55,"column":4},"end":{"line":55,"column":37}},"28":{"start":{"line":56,"column":4},"end":{"line":56,"column":10}},"29":{"start":{"line":59,"column":0},"end":{"line":65,"column":1}}},"fnMap":{"0":{"name":"(anonymous_0)","decl":{"start":{"line":5,"column":19},"end":{"line":5,"column":20}},"loc":{"start":{"line":5,"column":34},"end":{"line":17,"column":1}},"line":5},"1":{"name":"(anonymous_1)","decl":{"start":{"line":20,"column":17},"end":{"line":20,"column":18}},"loc":{"start":{"line":20,"column":32},"end":{"line":24,"column":1}},"line":20},"2":{"name":"(anonymous_2)","decl":{"start":{"line":26,"column":16},"end":{"line":26,"column":17}},"loc":{"start":{"line":26,"column":31},"end":{"line":32,"column":1}},"line":26},"3":{"name":"(anonymous_3)","decl":{"start":{"line":34,"column":16},"end":{"line":34,"column":17}},"loc":{"start":{"line":34,"column":31},"end":{"line":42,"column":1}},"line":34},"4":{"name":"(anonymous_4)","decl":{"start":{"line":44,"column":20},"end":{"line":44,"column":21}},"loc":{"start":{"line":44,"column":29},"end":{"line":57,"column":1}},"line":44}},"branchMap":{},"s":{"0":1,"1":1,"2":1,"3":1,"4":0,"5":0,"6":0,"7":0,"8":1,"9":0,"10":0,"11":0,"12":1,"13":0,"14":0,"15":0,"16":1,"17":0,"18":0,"19":0,"20":0,"21":0,"22":1,"23":0,"24":0,"25":0,"26":0,"27":0,"28":0,"29":1},"f":{"0":0,"1":0,"2":0,"3":0,"4":0},"b":{},"_coverageSchema":"1a1c01bbd47fc00a2c39e90264f33305004495a9","hash":"aef3e2df599aeef05f5e1bd771c9dd02788d5e4d"}
,"D:\\NODEJS\\projects\\backup\\jest\\authentication\\api\\pro_api.js": {"path":"D:\\NODEJS\\projects\\backup\\jest\\authentication\\api\\pro_api.js","statementMap":{"0":{"start":{"line":1,"column":21},"end":{"line":1,"column":39}},"1":{"start":{"line":2,"column":14},"end":{"line":2,"column":37}},"2":{"start":{"line":5,"column":18},"end":{"line":18,"column":1}},"3":{"start":{"line":8,"column":62},"end":{"line":8,"column":78}},"4":{"start":{"line":11,"column":21},"end":{"line":11,"column":70}},"5":{"start":{"line":13,"column":4},"end":{"line":13,"column":19}},"6":{"start":{"line":14,"column":4},"end":{"line":14,"column":76}},"7":{"start":{"line":15,"column":5},"end":{"line":15,"column":32}},"8":{"start":{"line":21,"column":16},"end":{"line":25,"column":1}},"9":{"start":{"line":22,"column":14},"end":{"line":22,"column":34}},"10":{"start":{"line":23,"column":4},"end":{"line":23,"column":16}},"11":{"start":{"line":24,"column":4},"end":{"line":24,"column":10}},"12":{"start":{"line":26,"column":15},"end":{"line":32,"column":1}},"13":{"start":{"line":28,"column":16},"end":{"line":28,"column":50}},"14":{"start":{"line":29,"column":4},"end":{"line":29,"column":18}},"15":{"start":{"line":30,"column":4},"end":{"line":30,"column":10}},"16":{"start":{"line":34,"column":15},"end":{"line":42,"column":1}},"17":{"start":{"line":36,"column":16},"end":{"line":36,"column":53}},"18":{"start":{"line":37,"column":4},"end":{"line":37,"column":18}},"19":{"start":{"line":38,"column":4},"end":{"line":38,"column":19}},"20":{"start":{"line":39,"column":4},"end":{"line":39,"column":35}},"21":{"start":{"line":41,"column":4},"end":{"line":41,"column":10}},"22":{"start":{"line":43,"column":13},"end":{"line":51,"column":1}},"23":{"start":{"line":44,"column":58},"end":{"line":44,"column":74}},"24":{"start":{"line":45,"column":15},"end":{"line":45,"column":62}},"25":{"start":{"line":46,"column":18},"end":{"line":46,"column":51}},"26":{"start":{"line":48,"column":4},"end":{"line":48,"column":19}},"27":{"start":{"line":49,"column":4},"end":{"line":49,"column":37}},"28":{"start":{"line":50,"column":4},"end":{"line":50,"column":10}},"29":{"start":{"line":57,"column":0},"end":{"line":63,"column":1}}},"fnMap":{"0":{"name":"(anonymous_0)","decl":{"start":{"line":5,"column":18},"end":{"line":5,"column":19}},"loc":{"start":{"line":5,"column":33},"end":{"line":18,"column":1}},"line":5},"1":{"name":"(anonymous_1)","decl":{"start":{"line":21,"column":16},"end":{"line":21,"column":17}},"loc":{"start":{"line":21,"column":31},"end":{"line":25,"column":1}},"line":21},"2":{"name":"(anonymous_2)","decl":{"start":{"line":26,"column":15},"end":{"line":26,"column":16}},"loc":{"start":{"line":26,"column":30},"end":{"line":32,"column":1}},"line":26},"3":{"name":"(anonymous_3)","decl":{"start":{"line":34,"column":15},"end":{"line":34,"column":16}},"loc":{"start":{"line":34,"column":30},"end":{"line":42,"column":1}},"line":34},"4":{"name":"(anonymous_4)","decl":{"start":{"line":43,"column":13},"end":{"line":43,"column":14}},"loc":{"start":{"line":43,"column":22},"end":{"line":51,"column":1}},"line":43}},"branchMap":{},"s":{"0":1,"1":1,"2":1,"3":0,"4":0,"5":0,"6":0,"7":0,"8":1,"9":0,"10":0,"11":0,"12":1,"13":0,"14":0,"15":0,"16":1,"17":0,"18":0,"19":0,"20":0,"21":0,"22":1,"23":0,"24":0,"25":0,"26":0,"27":0,"28":0,"29":1},"f":{"0":0,"1":0,"2":0,"3":0,"4":0},"b":{},"_coverageSchema":"1a1c01bbd47fc00a2c39e90264f33305004495a9","hash":"bc9299d6d9d36246683b4fa27b7b948daa0a5760"}
,"D:\\NODEJS\\projects\\backup\\jest\\authentication\\api\\profile_api.js": {"path":"D:\\NODEJS\\projects\\backup\\jest\\authentication\\api\\profile_api.js","statementMap":{"0":{"start":{"line":1,"column":14},"end":{"line":1,"column":51}},"1":{"start":{"line":3,"column":17},"end":{"line":3,"column":44}},"2":{"start":{"line":4,"column":14},"end":{"line":4,"column":37}},"3":{"start":{"line":22,"column":20},"end":{"line":22,"column":51}},"4":{"start":{"line":24,"column":24},"end":{"line":38,"column":3}},"5":{"start":{"line":27,"column":47},"end":{"line":27,"column":63}},"6":{"start":{"line":30,"column":26},"end":{"line":30,"column":58}},"7":{"start":{"line":32,"column":6},"end":{"line":34,"column":5}},"8":{"start":{"line":35,"column":6},"end":{"line":35,"column":54}},"9":{"start":{"line":40,"column":20},"end":{"line":44,"column":1}},"10":{"start":{"line":41,"column":12},"end":{"line":41,"column":40}},"11":{"start":{"line":42,"column":2},"end":{"line":42,"column":14}},"12":{"start":{"line":43,"column":2},"end":{"line":43,"column":8}},"13":{"start":{"line":46,"column":19},"end":{"line":52,"column":1}},"14":{"start":{"line":48,"column":14},"end":{"line":48,"column":56}},"15":{"start":{"line":49,"column":2},"end":{"line":49,"column":16}},"16":{"start":{"line":50,"column":2},"end":{"line":50,"column":8}},"17":{"start":{"line":54,"column":22},"end":{"line":62,"column":1}},"18":{"start":{"line":56,"column":14},"end":{"line":56,"column":59}},"19":{"start":{"line":57,"column":2},"end":{"line":57,"column":16}},"20":{"start":{"line":58,"column":2},"end":{"line":58,"column":17}},"21":{"start":{"line":59,"column":2},"end":{"line":59,"column":33}},"22":{"start":{"line":61,"column":2},"end":{"line":61,"column":8}},"23":{"start":{"line":63,"column":23},"end":{"line":72,"column":1}},"24":{"start":{"line":64,"column":40},"end":{"line":64,"column":56}},"25":{"start":{"line":65,"column":20},"end":{"line":65,"column":51}},"26":{"start":{"line":66,"column":15},"end":{"line":66,"column":63}},"27":{"start":{"line":68,"column":2},"end":{"line":68,"column":17}},"28":{"start":{"line":69,"column":2},"end":{"line":69,"column":34}},"29":{"start":{"line":70,"column":2},"end":{"line":70,"column":8}},"30":{"start":{"line":74,"column":0},"end":{"line":79,"column":1}}},"fnMap":{"0":{"name":"(anonymous_0)","decl":{"start":{"line":24,"column":24},"end":{"line":24,"column":25}},"loc":{"start":{"line":24,"column":39},"end":{"line":38,"column":3}},"line":24},"1":{"name":"(anonymous_1)","decl":{"start":{"line":40,"column":20},"end":{"line":40,"column":21}},"loc":{"start":{"line":40,"column":35},"end":{"line":44,"column":1}},"line":40},"2":{"name":"(anonymous_2)","decl":{"start":{"line":46,"column":19},"end":{"line":46,"column":20}},"loc":{"start":{"line":46,"column":34},"end":{"line":52,"column":1}},"line":46},"3":{"name":"(anonymous_3)","decl":{"start":{"line":54,"column":22},"end":{"line":54,"column":23}},"loc":{"start":{"line":54,"column":37},"end":{"line":62,"column":1}},"line":54},"4":{"name":"(anonymous_4)","decl":{"start":{"line":63,"column":23},"end":{"line":63,"column":24}},"loc":{"start":{"line":63,"column":32},"end":{"line":72,"column":1}},"line":63}},"branchMap":{},"s":{"0":1,"1":1,"2":1,"3":1,"4":1,"5":0,"6":0,"7":0,"8":0,"9":1,"10":0,"11":0,"12":0,"13":1,"14":0,"15":0,"16":0,"17":1,"18":0,"19":0,"20":0,"21":0,"22":0,"23":1,"24":0,"25":0,"26":0,"27":0,"28":0,"29":0,"30":1},"f":{"0":0,"1":0,"2":0,"3":0,"4":0},"b":{},"_coverageSchema":"1a1c01bbd47fc00a2c39e90264f33305004495a9","hash":"bb4232b4c336a28e27c6d1f2214aea603ff80cf5"}
,"D:\\NODEJS\\projects\\backup\\jest\\authentication\\api\\resetpwd_api.js": {"path":"D:\\NODEJS\\projects\\backup\\jest\\authentication\\api\\resetpwd_api.js","statementMap":{"0":{"start":{"line":2,"column":10},"end":{"line":2,"column":40}},"1":{"start":{"line":3,"column":16},"end":{"line":11,"column":1}},"2":{"start":{"line":4,"column":39},"end":{"line":4,"column":55}},"3":{"start":{"line":5,"column":25},"end":{"line":5,"column":53}},"4":{"start":{"line":6,"column":15},"end":{"line":6,"column":56}},"5":{"start":{"line":7,"column":2},"end":{"line":7,"column":19}},"6":{"start":{"line":8,"column":2},"end":{"line":8,"column":41}},"7":{"start":{"line":9,"column":2},"end":{"line":9,"column":8}},"8":{"start":{"line":13,"column":0},"end":{"line":13,"column":23}}},"fnMap":{"0":{"name":"(anonymous_0)","decl":{"start":{"line":3,"column":16},"end":{"line":3,"column":17}},"loc":{"start":{"line":3,"column":25},"end":{"line":11,"column":1}},"line":3}},"branchMap":{},"s":{"0":1,"1":1,"2":0,"3":0,"4":0,"5":0,"6":0,"7":0,"8":1},"f":{"0":0},"b":{},"_coverageSchema":"1a1c01bbd47fc00a2c39e90264f33305004495a9","hash":"f714fb85c53d07c288346b2fd866fa07a2940d23"}
,"D:\\NODEJS\\projects\\backup\\jest\\authentication\\dal\\index.js": {"path":"D:\\NODEJS\\projects\\backup\\jest\\authentication\\dal\\index.js","statementMap":{"0":{"start":{"line":1,"column":20},"end":{"line":1,"column":38}},"1":{"start":{"line":2,"column":15},"end":{"line":6,"column":2}},"2":{"start":{"line":9,"column":0},"end":{"line":19,"column":1}},"3":{"start":{"line":11,"column":0},"end":{"line":18,"column":2}},"4":{"start":{"line":13,"column":4},"end":{"line":16,"column":5}},"5":{"start":{"line":14,"column":8},"end":{"line":14,"column":27}},"6":{"start":{"line":15,"column":8},"end":{"line":15,"column":25}},"7":{"start":{"line":17,"column":4},"end":{"line":17,"column":37}},"8":{"start":{"line":21,"column":0},"end":{"line":21,"column":22}}},"fnMap":{"0":{"name":"(anonymous_0)","decl":{"start":{"line":11,"column":15},"end":{"line":11,"column":16}},"loc":{"start":{"line":11,"column":20},"end":{"line":18,"column":1}},"line":11}},"branchMap":{"0":{"loc":{"start":{"line":9,"column":0},"end":{"line":19,"column":1}},"type":"if","locations":[{"start":{"line":9,"column":0},"end":{"line":19,"column":1}},{"start":{},"end":{}}],"line":9},"1":{"loc":{"start":{"line":13,"column":4},"end":{"line":16,"column":5}},"type":"if","locations":[{"start":{"line":13,"column":4},"end":{"line":16,"column":5}},{"start":{},"end":{}}],"line":13}},"s":{"0":1,"1":1,"2":1,"3":0,"4":0,"5":0,"6":0,"7":0,"8":1},"f":{"0":0},"b":{"0":[0,1],"1":[0,0]},"_coverageSchema":"1a1c01bbd47fc00a2c39e90264f33305004495a9","hash":"e8c7a7af9f3db16d51dfd44169818dab203540ff"}
,"D:\\NODEJS\\projects\\backup\\jest\\authentication\\dal\\member_db.js": {"path":"D:\\NODEJS\\projects\\backup\\jest\\authentication\\dal\\member_db.js","statementMap":{"0":{"start":{"line":1,"column":11},"end":{"line":1,"column":66}},"1":{"start":{"line":3,"column":17},"end":{"line":3,"column":44}},"2":{"start":{"line":5,"column":12},"end":{"line":5,"column":26}},"3":{"start":{"line":7,"column":28},"end":{"line":15,"column":1}},"4":{"start":{"line":10,"column":17},"end":{"line":10,"column":90}},"5":{"start":{"line":14,"column":4},"end":{"line":14,"column":16}},"6":{"start":{"line":16,"column":19},"end":{"line":21,"column":1}},"7":{"start":{"line":18,"column":19},"end":{"line":18,"column":34}},"8":{"start":{"line":20,"column":4},"end":{"line":20,"column":28}},"9":{"start":{"line":23,"column":20},"end":{"line":25,"column":1}},"10":{"start":{"line":24,"column":4},"end":{"line":24,"column":45}},"11":{"start":{"line":30,"column":23},"end":{"line":33,"column":1}},"12":{"start":{"line":32,"column":4},"end":{"line":32,"column":46}},"13":{"start":{"line":37,"column":36},"end":{"line":37,"column":124}},"14":{"start":{"line":37,"column":66},"end":{"line":37,"column":124}},"15":{"start":{"line":40,"column":0},"end":{"line":40,"column":107}}},"fnMap":{"0":{"name":"(anonymous_0)","decl":{"start":{"line":7,"column":28},"end":{"line":7,"column":29}},"loc":{"start":{"line":7,"column":98},"end":{"line":15,"column":1}},"line":7},"1":{"name":"(anonymous_1)","decl":{"start":{"line":16,"column":19},"end":{"line":16,"column":20}},"loc":{"start":{"line":16,"column":31},"end":{"line":21,"column":1}},"line":16},"2":{"name":"(anonymous_2)","decl":{"start":{"line":23,"column":20},"end":{"line":23,"column":21}},"loc":{"start":{"line":23,"column":28},"end":{"line":25,"column":1}},"line":23},"3":{"name":"(anonymous_3)","decl":{"start":{"line":30,"column":23},"end":{"line":30,"column":24}},"loc":{"start":{"line":30,"column":35},"end":{"line":33,"column":1}},"line":30},"4":{"name":"(anonymous_4)","decl":{"start":{"line":37,"column":36},"end":{"line":37,"column":37}},"loc":{"start":{"line":37,"column":66},"end":{"line":37,"column":124}},"line":37}},"branchMap":{},"s":{"0":1,"1":1,"2":1,"3":1,"4":0,"5":0,"6":1,"7":0,"8":0,"9":1,"10":0,"11":1,"12":0,"13":1,"14":0,"15":1},"f":{"0":0,"1":0,"2":0,"3":0,"4":0},"b":{},"_coverageSchema":"1a1c01bbd47fc00a2c39e90264f33305004495a9","hash":"a468269ce39dcc1fe3a709939e36fe1467a7f3fb"}
,"D:\\NODEJS\\projects\\backup\\jest\\authentication\\dal\\page_db.js": {"path":"D:\\NODEJS\\projects\\backup\\jest\\authentication\\dal\\page_db.js","statementMap":{"0":{"start":{"line":1,"column":17},"end":{"line":1,"column":73}},"1":{"start":{"line":3,"column":17},"end":{"line":3,"column":44}},"2":{"start":{"line":5,"column":17},"end":{"line":5,"column":43}},"3":{"start":{"line":6,"column":20},"end":{"line":16,"column":1}},"4":{"start":{"line":8,"column":19},"end":{"line":8,"column":91}},"5":{"start":{"line":14,"column":4},"end":{"line":14,"column":18}},"6":{"start":{"line":17,"column":19},"end":{"line":22,"column":1}},"7":{"start":{"line":19,"column":19},"end":{"line":19,"column":40}},"8":{"start":{"line":21,"column":4},"end":{"line":21,"column":28}},"9":{"start":{"line":25,"column":20},"end":{"line":27,"column":1}},"10":{"start":{"line":26,"column":4},"end":{"line":26,"column":57}},"11":{"start":{"line":34,"column":21},"end":{"line":34,"column":177}},"12":{"start":{"line":34,"column":83},"end":{"line":34,"column":177}},"13":{"start":{"line":37,"column":23},"end":{"line":40,"column":1}},"14":{"start":{"line":39,"column":4},"end":{"line":39,"column":52}},"15":{"start":{"line":49,"column":0},"end":{"line":55,"column":1}}},"fnMap":{"0":{"name":"(anonymous_0)","decl":{"start":{"line":6,"column":20},"end":{"line":6,"column":21}},"loc":{"start":{"line":6,"column":85},"end":{"line":16,"column":1}},"line":6},"1":{"name":"(anonymous_1)","decl":{"start":{"line":17,"column":19},"end":{"line":17,"column":20}},"loc":{"start":{"line":17,"column":31},"end":{"line":22,"column":1}},"line":17},"2":{"name":"(anonymous_2)","decl":{"start":{"line":25,"column":20},"end":{"line":25,"column":21}},"loc":{"start":{"line":25,"column":34},"end":{"line":27,"column":1}},"line":25},"3":{"name":"(anonymous_3)","decl":{"start":{"line":34,"column":21},"end":{"line":34,"column":22}},"loc":{"start":{"line":34,"column":83},"end":{"line":34,"column":177}},"line":34},"4":{"name":"(anonymous_4)","decl":{"start":{"line":37,"column":23},"end":{"line":37,"column":24}},"loc":{"start":{"line":37,"column":35},"end":{"line":40,"column":1}},"line":37}},"branchMap":{},"s":{"0":1,"1":1,"2":1,"3":1,"4":0,"5":0,"6":1,"7":0,"8":0,"9":1,"10":0,"11":1,"12":0,"13":1,"14":0,"15":1},"f":{"0":0,"1":0,"2":0,"3":0,"4":0},"b":{},"_coverageSchema":"1a1c01bbd47fc00a2c39e90264f33305004495a9","hash":"9f52c3b7ab381b960ff26e7b89a3d469c60f8bd9"}
,"D:\\NODEJS\\projects\\backup\\jest\\authentication\\dal\\post_db.js": {"path":"D:\\NODEJS\\projects\\backup\\jest\\authentication\\dal\\post_db.js","statementMap":{"0":{"start":{"line":3,"column":17},"end":{"line":3,"column":70}},"1":{"start":{"line":5,"column":17},"end":{"line":5,"column":44}},"2":{"start":{"line":8,"column":13},"end":{"line":15,"column":1}},"3":{"start":{"line":10,"column":19},"end":{"line":10,"column":78}},"4":{"start":{"line":13,"column":4},"end":{"line":13,"column":18}},"5":{"start":{"line":17,"column":15},"end":{"line":22,"column":1}},"6":{"start":{"line":19,"column":19},"end":{"line":19,"column":40}},"7":{"start":{"line":21,"column":4},"end":{"line":21,"column":28}},"8":{"start":{"line":25,"column":16},"end":{"line":27,"column":1}},"9":{"start":{"line":26,"column":4},"end":{"line":26,"column":57}},"10":{"start":{"line":29,"column":15},"end":{"line":35,"column":1}},"11":{"start":{"line":30,"column":19},"end":{"line":30,"column":102}},"12":{"start":{"line":32,"column":4},"end":{"line":32,"column":17}},"13":{"start":{"line":37,"column":19},"end":{"line":40,"column":1}},"14":{"start":{"line":39,"column":4},"end":{"line":39,"column":52}},"15":{"start":{"line":43,"column":0},"end":{"line":43,"column":63}}},"fnMap":{"0":{"name":"(anonymous_0)","decl":{"start":{"line":8,"column":13},"end":{"line":8,"column":14}},"loc":{"start":{"line":8,"column":62},"end":{"line":15,"column":1}},"line":8},"1":{"name":"(anonymous_1)","decl":{"start":{"line":17,"column":15},"end":{"line":17,"column":16}},"loc":{"start":{"line":17,"column":27},"end":{"line":22,"column":1}},"line":17},"2":{"name":"(anonymous_2)","decl":{"start":{"line":25,"column":16},"end":{"line":25,"column":17}},"loc":{"start":{"line":25,"column":30},"end":{"line":27,"column":1}},"line":25},"3":{"name":"(anonymous_3)","decl":{"start":{"line":29,"column":15},"end":{"line":29,"column":16}},"loc":{"start":{"line":29,"column":64},"end":{"line":35,"column":1}},"line":29},"4":{"name":"(anonymous_4)","decl":{"start":{"line":37,"column":19},"end":{"line":37,"column":20}},"loc":{"start":{"line":37,"column":31},"end":{"line":40,"column":1}},"line":37}},"branchMap":{},"s":{"0":1,"1":1,"2":1,"3":0,"4":0,"5":1,"6":0,"7":0,"8":1,"9":0,"10":1,"11":0,"12":0,"13":1,"14":0,"15":1},"f":{"0":0,"1":0,"2":0,"3":0,"4":0},"b":{},"_coverageSchema":"1a1c01bbd47fc00a2c39e90264f33305004495a9","hash":"db190b3f90b608a6e64d8b14bc59ba098d55ce4b"}
,"D:\\NODEJS\\projects\\backup\\jest\\authentication\\dal\\profile_query.js": {"path":"D:\\NODEJS\\projects\\backup\\jest\\authentication\\dal\\profile_query.js","statementMap":{"0":{"start":{"line":1,"column":17},"end":{"line":1,"column":72}},"1":{"start":{"line":3,"column":17},"end":{"line":3,"column":44}},"2":{"start":{"line":5,"column":20},"end":{"line":5,"column":49}},"3":{"start":{"line":6,"column":22},"end":{"line":16,"column":1}},"4":{"start":{"line":8,"column":19},"end":{"line":8,"column":80}},"5":{"start":{"line":14,"column":4},"end":{"line":14,"column":18}},"6":{"start":{"line":17,"column":15},"end":{"line":22,"column":1}},"7":{"start":{"line":19,"column":19},"end":{"line":19,"column":40}},"8":{"start":{"line":21,"column":4},"end":{"line":21,"column":28}},"9":{"start":{"line":25,"column":16},"end":{"line":27,"column":1}},"10":{"start":{"line":26,"column":4},"end":{"line":26,"column":57}},"11":{"start":{"line":33,"column":15},"end":{"line":33,"column":147}},"12":{"start":{"line":33,"column":65},"end":{"line":33,"column":147}},"13":{"start":{"line":36,"column":19},"end":{"line":39,"column":1}},"14":{"start":{"line":38,"column":4},"end":{"line":38,"column":52}},"15":{"start":{"line":48,"column":0},"end":{"line":54,"column":1}}},"fnMap":{"0":{"name":"(anonymous_0)","decl":{"start":{"line":6,"column":22},"end":{"line":6,"column":23}},"loc":{"start":{"line":6,"column":74},"end":{"line":16,"column":1}},"line":6},"1":{"name":"(anonymous_1)","decl":{"start":{"line":17,"column":15},"end":{"line":17,"column":16}},"loc":{"start":{"line":17,"column":27},"end":{"line":22,"column":1}},"line":17},"2":{"name":"(anonymous_2)","decl":{"start":{"line":25,"column":16},"end":{"line":25,"column":17}},"loc":{"start":{"line":25,"column":30},"end":{"line":27,"column":1}},"line":25},"3":{"name":"(anonymous_3)","decl":{"start":{"line":33,"column":15},"end":{"line":33,"column":16}},"loc":{"start":{"line":33,"column":65},"end":{"line":33,"column":147}},"line":33},"4":{"name":"(anonymous_4)","decl":{"start":{"line":36,"column":19},"end":{"line":36,"column":20}},"loc":{"start":{"line":36,"column":31},"end":{"line":39,"column":1}},"line":36}},"branchMap":{},"s":{"0":1,"1":1,"2":1,"3":1,"4":0,"5":0,"6":1,"7":0,"8":0,"9":1,"10":0,"11":1,"12":0,"13":1,"14":0,"15":1},"f":{"0":0,"1":0,"2":0,"3":0,"4":0},"b":{},"_coverageSchema":"1a1c01bbd47fc00a2c39e90264f33305004495a9","hash":"957e82492df337303d739600bb978db734cda37b"}
,"D:\\NODEJS\\projects\\backup\\jest\\authentication\\dal\\query.js": {"path":"D:\\NODEJS\\projects\\backup\\jest\\authentication\\dal\\query.js","statementMap":{"0":{"start":{"line":3,"column":17},"end":{"line":3,"column":65}},"1":{"start":{"line":5,"column":17},"end":{"line":5,"column":44}},"2":{"start":{"line":8,"column":13},"end":{"line":16,"column":1}},"3":{"start":{"line":10,"column":19},"end":{"line":10,"column":94}},"4":{"start":{"line":14,"column":4},"end":{"line":14,"column":18}},"5":{"start":{"line":18,"column":15},"end":{"line":23,"column":1}},"6":{"start":{"line":20,"column":19},"end":{"line":20,"column":40}},"7":{"start":{"line":22,"column":4},"end":{"line":22,"column":28}},"8":{"start":{"line":26,"column":16},"end":{"line":28,"column":1}},"9":{"start":{"line":27,"column":4},"end":{"line":27,"column":57}},"10":{"start":{"line":34,"column":15},"end":{"line":34,"column":175}},"11":{"start":{"line":34,"column":79},"end":{"line":34,"column":175}},"12":{"start":{"line":38,"column":19},"end":{"line":41,"column":1}},"13":{"start":{"line":40,"column":4},"end":{"line":40,"column":52}},"14":{"start":{"line":44,"column":0},"end":{"line":44,"column":63}}},"fnMap":{"0":{"name":"(anonymous_0)","decl":{"start":{"line":8,"column":13},"end":{"line":8,"column":14}},"loc":{"start":{"line":8,"column":74},"end":{"line":16,"column":1}},"line":8},"1":{"name":"(anonymous_1)","decl":{"start":{"line":18,"column":15},"end":{"line":18,"column":16}},"loc":{"start":{"line":18,"column":27},"end":{"line":23,"column":1}},"line":18},"2":{"name":"(anonymous_2)","decl":{"start":{"line":26,"column":16},"end":{"line":26,"column":17}},"loc":{"start":{"line":26,"column":30},"end":{"line":28,"column":1}},"line":26},"3":{"name":"(anonymous_3)","decl":{"start":{"line":34,"column":15},"end":{"line":34,"column":16}},"loc":{"start":{"line":34,"column":79},"end":{"line":34,"column":175}},"line":34},"4":{"name":"(anonymous_4)","decl":{"start":{"line":38,"column":19},"end":{"line":38,"column":20}},"loc":{"start":{"line":38,"column":31},"end":{"line":41,"column":1}},"line":38}},"branchMap":{},"s":{"0":1,"1":1,"2":1,"3":0,"4":0,"5":1,"6":0,"7":0,"8":1,"9":0,"10":1,"11":0,"12":1,"13":0,"14":1},"f":{"0":0,"1":0,"2":0,"3":0,"4":0},"b":{},"_coverageSchema":"1a1c01bbd47fc00a2c39e90264f33305004495a9","hash":"d8ec5ce86a3b63dc48177f0bf0a7c3dd17467f25"}
,"D:\\NODEJS\\projects\\backup\\jest\\authentication\\dal\\rstpwd_query.js": {"path":"D:\\NODEJS\\projects\\backup\\jest\\authentication\\dal\\rstpwd_query.js","statementMap":{"0":{"start":{"line":1,"column":17},"end":{"line":1,"column":65}},"1":{"start":{"line":2,"column":17},"end":{"line":2,"column":44}},"2":{"start":{"line":4,"column":15},"end":{"line":4,"column":135}},"3":{"start":{"line":4,"column":59},"end":{"line":4,"column":135}},"4":{"start":{"line":6,"column":0},"end":{"line":6,"column":23}}},"fnMap":{"0":{"name":"(anonymous_0)","decl":{"start":{"line":4,"column":15},"end":{"line":4,"column":16}},"loc":{"start":{"line":4,"column":59},"end":{"line":4,"column":135}},"line":4}},"branchMap":{},"s":{"0":1,"1":1,"2":1,"3":0,"4":1},"f":{"0":0},"b":{},"_coverageSchema":"1a1c01bbd47fc00a2c39e90264f33305004495a9","hash":"1e020a9f15556f2c63fd67eca56970df85f6c4c4"}
,"D:\\NODEJS\\projects\\backup\\jest\\authentication\\member\\member_api.js": {"path":"D:\\NODEJS\\projects\\backup\\jest\\authentication\\member\\member_api.js","statementMap":{"0":{"start":{"line":2,"column":23},"end":{"line":2,"column":38}},"1":{"start":{"line":3,"column":18},"end":{"line":3,"column":45}},"2":{"start":{"line":6,"column":20},"end":{"line":17,"column":1}},"3":{"start":{"line":7,"column":45},"end":{"line":7,"column":53}},"4":{"start":{"line":9,"column":32},"end":{"line":9,"column":48}},"5":{"start":{"line":10,"column":26},"end":{"line":10,"column":79}},"6":{"start":{"line":12,"column":4},"end":{"line":12,"column":20}},"7":{"start":{"line":13,"column":4},"end":{"line":13,"column":28}},"8":{"start":{"line":15,"column":4},"end":{"line":15,"column":48}},"9":{"start":{"line":20,"column":28},"end":{"line":25,"column":1}},"10":{"start":{"line":21,"column":14},"end":{"line":21,"column":42}},"11":{"start":{"line":22,"column":4},"end":{"line":22,"column":16}},"12":{"start":{"line":24,"column":4},"end":{"line":24,"column":10}},"13":{"start":{"line":28,"column":24},"end":{"line":33,"column":1}},"14":{"start":{"line":29,"column":16},"end":{"line":29,"column":58}},"15":{"start":{"line":30,"column":4},"end":{"line":30,"column":18}},"16":{"start":{"line":31,"column":4},"end":{"line":31,"column":10}},"17":{"start":{"line":35,"column":27},"end":{"line":45,"column":1}},"18":{"start":{"line":37,"column":45},"end":{"line":37,"column":53}},"19":{"start":{"line":38,"column":21},"end":{"line":38,"column":37}},"20":{"start":{"line":39,"column":17},"end":{"line":39,"column":70}},"21":{"start":{"line":40,"column":16},"end":{"line":40,"column":91}},"22":{"start":{"line":42,"column":4},"end":{"line":42,"column":21}},"23":{"start":{"line":43,"column":4},"end":{"line":43,"column":56}},"24":{"start":{"line":44,"column":3},"end":{"line":44,"column":9}},"25":{"start":{"line":47,"column":22},"end":{"line":55,"column":1}},"26":{"start":{"line":49,"column":16},"end":{"line":49,"column":61}},"27":{"start":{"line":50,"column":4},"end":{"line":50,"column":18}},"28":{"start":{"line":51,"column":4},"end":{"line":51,"column":21}},"29":{"start":{"line":52,"column":4},"end":{"line":52,"column":37}},"30":{"start":{"line":54,"column":4},"end":{"line":54,"column":10}},"31":{"start":{"line":58,"column":0},"end":{"line":58,"column":103}}},"fnMap":{"0":{"name":"(anonymous_0)","decl":{"start":{"line":6,"column":20},"end":{"line":6,"column":21}},"loc":{"start":{"line":6,"column":29},"end":{"line":17,"column":1}},"line":6},"1":{"name":"(anonymous_1)","decl":{"start":{"line":20,"column":28},"end":{"line":20,"column":29}},"loc":{"start":{"line":20,"column":43},"end":{"line":25,"column":1}},"line":20},"2":{"name":"(anonymous_2)","decl":{"start":{"line":28,"column":24},"end":{"line":28,"column":25}},"loc":{"start":{"line":28,"column":39},"end":{"line":33,"column":1}},"line":28},"3":{"name":"(anonymous_3)","decl":{"start":{"line":35,"column":27},"end":{"line":35,"column":28}},"loc":{"start":{"line":35,"column":42},"end":{"line":45,"column":1}},"line":35},"4":{"name":"(anonymous_4)","decl":{"start":{"line":47,"column":22},"end":{"line":47,"column":23}},"loc":{"start":{"line":47,"column":37},"end":{"line":55,"column":1}},"line":47}},"branchMap":{},"s":{"0":1,"1":1,"2":1,"3":0,"4":0,"5":0,"6":0,"7":0,"8":0,"9":1,"10":0,"11":0,"12":0,"13":1,"14":0,"15":0,"16":0,"17":1,"18":0,"19":0,"20":0,"21":0,"22":0,"23":0,"24":0,"25":1,"26":0,"27":0,"28":0,"29":0,"30":0,"31":1},"f":{"0":0,"1":0,"2":0,"3":0,"4":0},"b":{},"_coverageSchema":"1a1c01bbd47fc00a2c39e90264f33305004495a9","hash":"8bcb8667e43b9ce1ab05f983590f6e1ecebdb60f"}
,"D:\\NODEJS\\projects\\backup\\jest\\authentication\\routes\\regrt.js": {"path":"D:\\NODEJS\\projects\\backup\\jest\\authentication\\routes\\regrt.js","statementMap":{"0":{"start":{"line":2,"column":31},"end":{"line":2,"column":68}},"1":{"start":{"line":3,"column":20},"end":{"line":3,"column":50}},"2":{"start":{"line":4,"column":18},"end":{"line":4,"column":39}},"3":{"start":{"line":5,"column":15},"end":{"line":5,"column":30}},"4":{"start":{"line":6,"column":16},"end":{"line":6,"column":41}},"5":{"start":{"line":7,"column":18},"end":{"line":7,"column":45}},"6":{"start":{"line":8,"column":14},"end":{"line":8,"column":37}},"7":{"start":{"line":9,"column":12},"end":{"line":9,"column":26}},"8":{"start":{"line":10,"column":13},"end":{"line":10,"column":33}},"9":{"start":{"line":11,"column":15},"end":{"line":11,"column":41}},"10":{"start":{"line":13,"column":32},"end":{"line":13,"column":69}},"11":{"start":{"line":14,"column":26},"end":{"line":14,"column":59}},"12":{"start":{"line":15,"column":26},"end":{"line":15,"column":59}},"13":{"start":{"line":16,"column":30},"end":{"line":16,"column":66}},"14":{"start":{"line":18,"column":16},"end":{"line":18,"column":42}},"15":{"start":{"line":19,"column":16},"end":{"line":19,"column":42}},"16":{"start":{"line":20,"column":26},"end":{"line":20,"column":63}},"17":{"start":{"line":23,"column":17},"end":{"line":23,"column":48}},"18":{"start":{"line":24,"column":32},"end":{"line":24,"column":71}},"19":{"start":{"line":26,"column":31},"end":{"line":26,"column":68}},"20":{"start":{"line":27,"column":26},"end":{"line":27,"column":64}},"21":{"start":{"line":32,"column":15},"end":{"line":32,"column":56}},"22":{"start":{"line":34,"column":0},"end":{"line":34,"column":100}},"23":{"start":{"line":39,"column":0},"end":{"line":39,"column":42}},"24":{"start":{"line":40,"column":0},"end":{"line":40,"column":41}},"25":{"start":{"line":41,"column":0},"end":{"line":41,"column":44}},"26":{"start":{"line":42,"column":0},"end":{"line":42,"column":115}},"27":{"start":{"line":46,"column":0},"end":{"line":46,"column":39}},"28":{"start":{"line":48,"column":18},"end":{"line":48,"column":47}},"29":{"start":{"line":49,"column":0},"end":{"line":49,"column":122}},"30":{"start":{"line":50,"column":0},"end":{"line":50,"column":64}},"31":{"start":{"line":51,"column":0},"end":{"line":51,"column":63}},"32":{"start":{"line":52,"column":0},"end":{"line":52,"column":75}},"33":{"start":{"line":53,"column":0},"end":{"line":53,"column":125}},"34":{"start":{"line":57,"column":0},"end":{"line":57,"column":110}},"35":{"start":{"line":58,"column":0},"end":{"line":58,"column":59}},"36":{"start":{"line":59,"column":0},"end":{"line":59,"column":57}},"37":{"start":{"line":60,"column":0},"end":{"line":60,"column":110}},"38":{"start":{"line":61,"column":0},"end":{"line":61,"column":66}},"39":{"start":{"line":64,"column":0},"end":{"line":64,"column":135}},"40":{"start":{"line":65,"column":0},"end":{"line":65,"column":56}},"41":{"start":{"line":66,"column":0},"end":{"line":66,"column":58}},"42":{"start":{"line":67,"column":0},"end":{"line":67,"column":108}},"43":{"start":{"line":68,"column":0},"end":{"line":68,"column":63}},"44":{"start":{"line":72,"column":0},"end":{"line":72,"column":69}},"45":{"start":{"line":74,"column":0},"end":{"line":74,"column":121}},"46":{"start":{"line":75,"column":0},"end":{"line":75,"column":76}},"47":{"start":{"line":76,"column":0},"end":{"line":76,"column":88}},"48":{"start":{"line":77,"column":0},"end":{"line":77,"column":129}},"49":{"start":{"line":78,"column":0},"end":{"line":78,"column":72}},"50":{"start":{"line":82,"column":14},"end":{"line":82,"column":44}},"51":{"start":{"line":83,"column":0},"end":{"line":83,"column":88}},"52":{"start":{"line":86,"column":0},"end":{"line":88,"column":2}},"53":{"start":{"line":87,"column":2},"end":{"line":87,"column":46}},"54":{"start":{"line":90,"column":0},"end":{"line":90,"column":82}},"55":{"start":{"line":91,"column":0},"end":{"line":91,"column":24}}},"fnMap":{"0":{"name":"(anonymous_0)","decl":{"start":{"line":86,"column":20},"end":{"line":86,"column":21}},"loc":{"start":{"line":86,"column":33},"end":{"line":88,"column":1}},"line":86}},"branchMap":{},"s":{"0":1,"1":1,"2":1,"3":1,"4":1,"5":1,"6":1,"7":1,"8":1,"9":1,"10":1,"11":1,"12":1,"13":1,"14":1,"15":1,"16":1,"17":1,"18":1,"19":1,"20":1,"21":1,"22":1,"23":1,"24":1,"25":1,"26":1,"27":1,"28":1,"29":1,"30":1,"31":1,"32":1,"33":1,"34":1,"35":1,"36":1,"37":1,"38":1,"39":1,"40":1,"41":1,"42":1,"43":1,"44":1,"45":1,"46":1,"47":1,"48":1,"49":1,"50":1,"51":1,"52":1,"53":0,"54":1,"55":1},"f":{"0":0},"b":{},"_coverageSchema":"1a1c01bbd47fc00a2c39e90264f33305004495a9","hash":"3cd7909ed1eeb4e1f9ff0db4d08a6264dd672ca5"}
,"D:\\NODEJS\\projects\\backup\\jest\\authentication\\test\\app.js": {"path":"D:\\NODEJS\\projects\\backup\\jest\\authentication\\test\\app.js","statementMap":{"0":{"start":{"line":1,"column":12},"end":{"line":1,"column":26}},"1":{"start":{"line":2,"column":19},"end":{"line":2,"column":44}},"2":{"start":{"line":3,"column":20},"end":{"line":3,"column":44}},"3":{"start":{"line":4,"column":12},"end":{"line":4,"column":21}},"4":{"start":{"line":5,"column":0},"end":{"line":5,"column":22}},"5":{"start":{"line":6,"column":0},"end":{"line":6,"column":17}},"6":{"start":{"line":7,"column":0},"end":{"line":7,"column":21}}},"fnMap":{},"branchMap":{},"s":{"0":1,"1":1,"2":1,"3":1,"4":1,"5":1,"6":1},"f":{},"b":{},"_coverageSchema":"1a1c01bbd47fc00a2c39e90264f33305004495a9","hash":"bb548f320aef157313590e19520d2c9aaa2b0084"}
,"D:\\NODEJS\\projects\\backup\\jest\\authentication\\test\\check_in_db\\auth_check.js": {"path":"D:\\NODEJS\\projects\\backup\\jest\\authentication\\test\\check_in_db\\auth_check.js","statementMap":{"0":{"start":{"line":1,"column":18},"end":{"line":1,"column":44}},"1":{"start":{"line":4,"column":18},"end":{"line":11,"column":1}},"2":{"start":{"line":8,"column":0},"end":{"line":8,"column":15}},"3":{"start":{"line":9,"column":0},"end":{"line":9,"column":16}},"4":{"start":{"line":12,"column":0},"end":{"line":12,"column":28}}},"fnMap":{"0":{"name":"(anonymous_0)","decl":{"start":{"line":4,"column":18},"end":{"line":4,"column":19}},"loc":{"start":{"line":4,"column":25},"end":{"line":11,"column":1}},"line":4}},"branchMap":{},"s":{"0":1,"1":1,"2":0,"3":0,"4":1},"f":{"0":0},"b":{},"_coverageSchema":"1a1c01bbd47fc00a2c39e90264f33305004495a9","hash":"2caa6b8f72c3017e5196ac2d6e532bf625c3207f"}
,"D:\\NODEJS\\projects\\backup\\jest\\authentication\\test\\route\\index.js": {"path":"D:\\NODEJS\\projects\\backup\\jest\\authentication\\test\\route\\index.js","statementMap":{"0":{"start":{"line":1,"column":19},"end":{"line":1,"column":48}},"1":{"start":{"line":3,"column":15},"end":{"line":3,"column":27}},"2":{"start":{"line":4,"column":0},"end":{"line":8,"column":2}},"3":{"start":{"line":5,"column":2},"end":{"line":7,"column":5}},"4":{"start":{"line":6,"column":4},"end":{"line":6,"column":56}}},"fnMap":{"0":{"name":"(anonymous_0)","decl":{"start":{"line":4,"column":17},"end":{"line":4,"column":18}},"loc":{"start":{"line":4,"column":26},"end":{"line":8,"column":1}},"line":4},"1":{"name":"(anonymous_1)","decl":{"start":{"line":5,"column":17},"end":{"line":5,"column":18}},"loc":{"start":{"line":5,"column":28},"end":{"line":7,"column":3}},"line":5}},"branchMap":{},"s":{"0":1,"1":1,"2":1,"3":1,"4":1},"f":{"0":1,"1":1},"b":{},"_coverageSchema":"1a1c01bbd47fc00a2c39e90264f33305004495a9","hash":"d0653c785bbfdbc9f403ba608de9ed724cc1a18f"}
}
